[I] [2023-03-05 12:54:43,816] DCASE2022 / Task1A -- low-complexity Acoustic Scene Classification
[I] [2023-03-05 12:54:43,816] 
[I] [2023-03-05 12:55:24,578] Model: "functional_1"
[I] [2023-03-05 12:55:24,578] _________________________________________________________________
[I] [2023-03-05 12:55:24,578] Layer (type)                 Output Shape              Param #   
[I] [2023-03-05 12:55:24,579] =================================================================
[I] [2023-03-05 12:55:24,579] input_1 (InputLayer)         [(None, 140, 8, 1)]       0         
[I] [2023-03-05 12:55:24,579] _________________________________________________________________
[I] [2023-03-05 12:55:24,579] Conv-1 (Conv2D)              (None, 140, 8, 10)        360       
[I] [2023-03-05 12:55:24,580] _________________________________________________________________
[I] [2023-03-05 12:55:24,580] batch_normalization (BatchNo (None, 140, 8, 10)        40        
[I] [2023-03-05 12:55:24,580] _________________________________________________________________
[I] [2023-03-05 12:55:24,581] activation (Activation)      (None, 140, 8, 10)        0         
[I] [2023-03-05 12:55:24,581] _________________________________________________________________
[I] [2023-03-05 12:55:24,581] Conv-2 (Conv2D)              (None, 140, 8, 14)        2954      
[I] [2023-03-05 12:55:24,581] _________________________________________________________________
[I] [2023-03-05 12:55:24,581] batch_normalization_1 (Batch (None, 140, 8, 14)        56        
[I] [2023-03-05 12:55:24,581] _________________________________________________________________
[I] [2023-03-05 12:55:24,582] activation_1 (Activation)    (None, 140, 8, 14)        0         
[I] [2023-03-05 12:55:24,582] _________________________________________________________________
[I] [2023-03-05 12:55:24,582] max_pooling2d (MaxPooling2D) (None, 140, 4, 14)        0         
[I] [2023-03-05 12:55:24,582] _________________________________________________________________
[I] [2023-03-05 12:55:24,582] dropout (Dropout)            (None, 140, 4, 14)        0         
[I] [2023-03-05 12:55:24,582] _________________________________________________________________
[I] [2023-03-05 12:55:24,583] Conv-3 (Conv2D)              (None, 140, 4, 28)        8260      
[I] [2023-03-05 12:55:24,583] _________________________________________________________________
[I] [2023-03-05 12:55:24,583] batch_normalization_2 (Batch (None, 140, 4, 28)        112       
[I] [2023-03-05 12:55:24,583] _________________________________________________________________
[I] [2023-03-05 12:55:24,583] activation_2 (Activation)    (None, 140, 4, 28)        0         
[I] [2023-03-05 12:55:24,583] _________________________________________________________________
[I] [2023-03-05 12:55:24,584] max_pooling2d_1 (MaxPooling2 (None, 70, 2, 28)         0         
[I] [2023-03-05 12:55:24,584] _________________________________________________________________
[I] [2023-03-05 12:55:24,584] dropout_1 (Dropout)          (None, 70, 2, 28)         0         
[I] [2023-03-05 12:55:24,584] _________________________________________________________________
[I] [2023-03-05 12:55:24,584] Conv-3_0 (Conv2D)            (None, 70, 2, 16)         15696     
[I] [2023-03-05 12:55:24,584] _________________________________________________________________
[I] [2023-03-05 12:55:24,585] batch_normalization_3 (Batch (None, 70, 2, 16)         64        
[I] [2023-03-05 12:55:24,585] _________________________________________________________________
[I] [2023-03-05 12:55:24,585] activation_3 (Activation)    (None, 70, 2, 16)         0         
[I] [2023-03-05 12:55:24,585] _________________________________________________________________
[I] [2023-03-05 12:55:24,585] dropout_2 (Dropout)          (None, 70, 2, 16)         0         
[I] [2023-03-05 12:55:24,585] _________________________________________________________________
[I] [2023-03-05 12:55:24,585] global_average_pooling2d (Gl (None, 16)                0         
[I] [2023-03-05 12:55:24,585] _________________________________________________________________
[I] [2023-03-05 12:55:24,585] flatten (Flatten)            (None, 16)                0         
[I] [2023-03-05 12:55:24,587] _________________________________________________________________
[I] [2023-03-05 12:55:24,587] lastLayer (Dense)            (None, 256)               4352      
[I] [2023-03-05 12:55:24,587] _________________________________________________________________
[I] [2023-03-05 12:55:24,588] dropout_3 (Dropout)          (None, 256)               0         
[I] [2023-03-05 12:55:24,588] _________________________________________________________________
[I] [2023-03-05 12:55:24,588] dense (Dense)                (None, 6)                 1542      
[I] [2023-03-05 12:55:24,588] =================================================================
[I] [2023-03-05 12:55:24,589] Total params: 33,436
[I] [2023-03-05 12:55:24,589] Trainable params: 33,300
[I] [2023-03-05 12:55:24,589] Non-trainable params: 136
[I] [2023-03-05 12:55:24,589] _________________________________________________________________
[I] [2023-03-05 12:55:24,673]   Training
[I] [2023-03-05 12:55:24,673]             Loss                                Metric                                                            
[I] [2023-03-05 12:55:24,673]             categorical_crossentropy            categorical_accuracy                               
[I] [2023-03-05 12:55:24,673]   Epoch     Train             Val               Train             Val               Step            Remaining     
[I] [2023-03-05 12:55:24,673]   -------   ---------------   ---------------   ---------------   ---------------   -------------   ------------  
[I] [2023-03-05 12:56:37,928]   1         1.2157            1.0089            0.5892            0.6116            0:00:33.184     -2:00:44      
[I] [2023-03-05 12:57:11,070]   2         1.1897            0.9847            0.6015            0.6169            0:00:33.141     -1:56:21      
[I] [2023-03-05 12:57:45,993]   3         1.1748            1.0025            0.6090            0.6018            0:00:34.922     -1:55:20      
[I] [2023-03-05 12:58:19,504]   4         1.1650            0.9465            0.6126            0.6329            0:00:33.508     -1:53:35      
[I] [2023-03-05 12:58:52,483]   5         1.1576            0.9539            0.6183            0.6359            0:00:32.976     -1:51:56      
[I] [2023-03-05 12:59:24,374]   6         1.1526            0.9385            0.6202            0.6480            0:00:31.889     -1:50:06      
[I] [2023-03-05 12:59:56,016]   7         1.1461            0.9282            0.6244            0.6471            0:00:31.639     -1:48:30      
[I] [2023-03-05 13:00:28,389]   8         1.1413            0.9460            0.6268            0.6470            0:00:32.371     -1:47:23      
[I] [2023-03-05 13:01:02,637]   9         1.1372            0.9468            0.6288            0.6249            0:00:34.246     -1:46:59      
[I] [2023-03-05 13:01:39,085]   10        1.1335            0.9215            0.6307            0.6427            0:00:36.447     -1:47:11      
[I] [2023-03-05 13:02:16,545]   11        1.1313            0.9612            0.6314            0.6317            0:00:37.458     -1:47:31      
[I] [2023-03-05 13:02:52,447]   12        1.1293            0.8977            0.6324            0.6600            0:00:35.891     -1:47:19      
[I] [2023-03-05 13:03:28,514]   13        1.1263            0.9007            0.6346            0.6580            0:00:36.057     -1:47:06      
[I] [2023-03-05 13:04:04,638]   14        1.1241            0.9238            0.6370            0.6484            0:00:36.122     -1:46:51      
[I] [2023-03-05 13:04:40,541]   15        1.1214            0.9076            0.6366            0.6603            0:00:35.901     -1:46:31      
[I] [2023-03-05 13:05:16,352]   16        1.1193            0.8717            0.6384            0.6683            0:00:35.801     -1:46:07      
[I] [2023-03-05 13:05:52,285]   17        1.1190            0.8986            0.6388            0.6547            0:00:35.924     -1:45:44      
[I] [2023-03-05 13:06:28,357]   18        1.1160            0.8978            0.6397            0.6622            0:00:36.069     -1:45:21      
[I] [2023-03-05 13:07:03,806]   19        1.1147            0.8700            0.6412            0.6649            0:00:35.447     -1:44:50      
[I] [2023-03-05 13:07:39,088]   20        1.1142            0.8701            0.6415            0.6730            0:00:35.281     -1:44:18      
[I] [2023-03-05 13:08:14,662]   21        1.1119            0.8754            0.6426            0.6698            0:00:35.568     -1:43:48      
[I] [2023-03-05 13:08:50,790]   22        1.1102            0.8799            0.6427            0.6660            0:00:36.126     -1:43:22      
[I] [2023-03-05 13:09:26,740]   23        1.1104            0.8852            0.6437            0.6681            0:00:35.948     -1:42:54      
[I] [2023-03-05 13:10:02,769]   24        1.1095            0.8737            0.6438            0.6681            0:00:36.026     -1:42:25      
[I] [2023-03-05 13:10:38,512]   25        1.1070            0.8632            0.6457            0.6751            0:00:35.741     -1:41:54      
[I] [2023-03-05 13:11:13,545]   26        1.1063            0.8698            0.6454            0.6740            0:00:35.021     -1:41:18      
[I] [2023-03-05 13:11:48,330]   27        1.1065            0.9091            0.6456            0.6574            0:00:34.783     -1:40:41      
[I] [2023-03-05 13:12:24,337]   28        1.1054            0.8858            0.6457            0.6633            0:00:36.005     -1:40:11      
[I] [2023-03-05 13:13:00,464]   29        1.1046            0.8728            0.6463            0.6678            0:00:36.125     -1:39:41      
[I] [2023-03-05 13:13:36,601]   30        1.1021            0.8766            0.6472            0.6693            0:00:36.135     -1:39:11      
[I] [2023-03-05 13:14:12,806]   31        1.1020            0.8496            0.6467            0.6784            0:00:36.203     -1:38:41      
[I] [2023-03-05 13:14:48,892]   32        1.1022            0.8605            0.6467            0.6763            0:00:36.077     -1:38:10      
[I] [2023-03-05 13:15:24,813]   33        1.1016            0.8709            0.6477            0.6705            0:00:35.919     -1:37:38      
[I] [2023-03-05 13:16:00,663]   34        1.1011            0.8890            0.6491            0.6677            0:00:35.848     -1:37:05      
[I] [2023-03-05 13:16:36,472]   35        1.0999            0.8655            0.6485            0.6761            0:00:35.806     -1:36:32      
[I] [2023-03-05 13:17:11,138]   36        1.0991            0.8632            0.6491            0.6747            0:00:34.664     -1:35:54      
[I] [2023-03-05 13:17:47,031]   37        1.0977            0.8512            0.6497            0.6770            0:00:35.891     -1:35:21      
[I] [2023-03-05 13:18:22,818]   38        1.0981            0.8595            0.6502            0.6825            0:00:35.785     -1:34:48      
[I] [2023-03-05 13:18:58,777]   39        1.0980            0.8740            0.6509            0.6690            0:00:35.950     -1:34:15      
[I] [2023-03-05 13:19:34,078]   40        1.0961            0.8791            0.6515            0.6714            0:00:35.300     -1:33:40      
[I] [2023-03-05 13:20:09,916]   41        1.0955            0.8426            0.6513            0.6826            0:00:35.835     -1:33:06      
[I] [2023-03-05 13:20:45,655]   42        1.0954            0.8655            0.6516            0.6725            0:00:35.731     -1:32:32      
[I] [2023-03-05 13:21:20,942]   43        1.0950            0.8386            0.6517            0.6850            0:00:35.285     -1:31:56      
[I] [2023-03-05 13:21:56,508]   44        1.0944            0.8658            0.6521            0.6677            0:00:35.555     -1:31:22      
[I] [2023-03-05 13:22:31,050]   45        1.0935            0.8502            0.6529            0.6808            0:00:34.540     -1:30:44      
[I] [2023-03-05 13:23:05,472]   46        1.0938            0.8588            0.6523            0.6742            0:00:34.420     -1:30:05      
[I] [2023-03-05 13:23:41,126]   47        1.0944            0.8527            0.6525            0.6803            0:00:35.650     -1:29:31      
[I] [2023-03-05 13:24:16,878]   48        1.0927            0.8501            0.6520            0.6768            0:00:35.750     -1:28:57      
[I] [2023-03-05 13:24:52,645]   49        1.0918            0.8395            0.6537            0.6821            0:00:35.764     -1:28:23      
[I] [2023-03-05 13:25:28,492]   50        1.0916            0.8544            0.6541            0.6843            0:00:35.844     -1:27:49      
[I] [2023-03-05 13:26:03,409]   51        1.0912            0.8547            0.6543            0.6762            0:00:34.916     -1:27:12      
[I] [2023-03-05 13:26:38,557]   52        1.0898            0.8589            0.6545            0.6766            0:00:35.144     -1:26:36      
[I] [2023-03-05 13:27:13,159]   53        1.0898            0.8357            0.6548            0.6845            0:00:34.602     -1:25:59      
[I] [2023-03-05 13:27:48,730]   54        1.0904            0.8545            0.6554            0.6844            0:00:35.569     -1:25:24      
[I] [2023-03-05 13:28:24,455]   55        1.0908            0.8374            0.6540            0.6851            0:00:35.722     -1:24:50      
[I] [2023-03-05 13:29:00,335]   56        1.0907            0.8433            0.6541            0.6884            0:00:35.871     -1:24:16      
[I] [2023-03-05 13:29:35,256]   57        1.0892            0.8389            0.6549            0.6893            0:00:34.913     -1:23:39      
[I] [2023-03-05 13:30:10,497]   58        1.0884            0.8523            0.6553            0.6770            0:00:35.230     -1:23:04      
[I] [2023-03-05 13:30:46,125]   59        1.0892            0.8558            0.6546            0.6792            0:00:35.625     -1:22:29      
[I] [2023-03-05 13:31:21,885]   60        1.0877            0.8463            0.6570            0.6781            0:00:35.757     -1:21:54      
[I] [2023-03-05 13:31:57,073]   61        1.0891            0.8405            0.6552            0.6846            0:00:35.186     -1:21:19      
[I] [2023-03-05 13:32:32,678]   62        1.0875            0.8275            0.6561            0.6870            0:00:35.604     -1:20:44      
[I] [2023-03-05 13:33:08,230]   63        1.0865            0.8371            0.6561            0.6856            0:00:35.550     -1:20:09      
[I] [2023-03-05 13:33:42,885]   64        1.0861            0.8365            0.6564            0.6815            0:00:34.654     -1:19:32      
[I] [2023-03-05 13:34:18,479]   65        1.0876            0.8352            0.6552            0.6887            0:00:35.592     -1:18:57      
[I] [2023-03-05 13:34:53,141]   66        1.0858            0.8394            0.6570            0.6863            0:00:34.660     -1:18:21      
[I] [2023-03-05 13:35:28,768]   67        1.0870            0.8334            0.6561            0.6890            0:00:35.625     -1:17:46      
[I] [2023-03-05 13:36:04,354]   68        1.0862            0.8720            0.6565            0.6709            0:00:35.584     -1:17:11      
[I] [2023-03-05 13:36:39,503]   69        1.0864            0.8306            0.6559            0.6861            0:00:35.146     -1:16:35      
[I] [2023-03-05 13:37:14,857]   70        1.0857            0.8410            0.6567            0.6879            0:00:35.352     -1:16:00      
[I] [2023-03-05 13:37:50,591]   71        1.0850            0.8321            0.6570            0.6874            0:00:35.733     -1:15:25      
[I] [2023-03-05 13:38:26,345]   72        1.0854            0.8364            0.6568            0.6887            0:00:35.752     -1:14:50      
[I] [2023-03-05 13:39:02,536]   73        1.0843            0.8231            0.6579            0.6944            0:00:36.189     -1:14:16      
[I] [2023-03-05 13:39:38,378]   74        1.0843            0.8858            0.6574            0.6699            0:00:35.831     -1:13:42      
[I] [2023-03-05 13:40:13,326]   75        1.0853            0.8275            0.6566            0.6933            0:00:34.946     -1:13:06      
[I] [2023-03-05 13:40:48,928]   76        1.0844            0.8375            0.6577            0.6860            0:00:35.599     -1:12:31      
[I] [2023-03-05 13:41:23,291]   77        1.0831            0.8267            0.6582            0.6871            0:00:34.361     -1:11:54      
[I] [2023-03-05 13:41:57,964]   78        1.0840            0.8401            0.6587            0.6844            0:00:34.670     -1:11:17      
[I] [2023-03-05 13:42:33,638]   79        1.0829            0.8259            0.6589            0.6917            0:00:35.672     -1:10:42      
[I] [2023-03-05 13:43:09,663]   80        1.0838            0.8230            0.6582            0.6899            0:00:36.022     -1:10:08      
[I] [2023-03-05 13:43:45,434]   81        1.0834            0.8355            0.6587            0.6783            0:00:35.770     -1:09:33      
[I] [2023-03-05 13:44:21,177]   82        1.0825            0.8398            0.6591            0.6888            0:00:35.742     -1:08:58      
[I] [2023-03-05 13:44:56,952]   83        1.0836            0.8187            0.6587            0.6909            0:00:35.773     -1:08:24      
[I] [2023-03-05 13:45:32,714]   84        1.0819            0.8518            0.6597            0.6812            0:00:35.760     -1:07:49      
[I] [2023-03-05 13:46:08,441]   85        1.0821            0.8233            0.6587            0.6902            0:00:35.726     -1:07:14      
[I] [2023-03-05 13:46:44,573]   86        1.0814            0.8333            0.6598            0.6858            0:00:36.130     -1:06:39      
[I] [2023-03-05 13:47:20,220]   87        1.0817            0.8251            0.6588            0.6959            0:00:35.645     -1:06:04      
[I] [2023-03-05 13:47:55,550]   88        1.0813            0.8508            0.6595            0.6784            0:00:35.320     -1:05:29      
[I] [2023-03-05 13:48:31,598]   89        1.0819            0.8304            0.6584            0.6880            0:00:36.045     -1:04:54      
[I] [2023-03-05 13:49:07,283]   90        1.0823            0.8224            0.6591            0.6927            0:00:35.684     -1:04:19      
[I] [2023-03-05 13:49:43,256]   91        1.0819            0.8475            0.6598            0.6831            0:00:35.969     -1:03:44      
[I] [2023-03-05 13:50:19,262]   92        1.0807            0.8276            0.6597            0.6935            0:00:36.003     -1:03:10      
[I] [2023-03-05 13:50:54,034]   93        1.0807            0.8339            0.6600            0.6856            0:00:34.771     -1:02:33      
[I] [2023-03-05 13:51:28,755]   94        1.0806            0.8209            0.6604            0.6976            0:00:34.719     -1:01:57      
[I] [2023-03-05 13:52:04,644]   95        1.0806            0.8537            0.6592            0.6859            0:00:35.878     -1:01:22      
[I] [2023-03-05 13:52:40,254]   96        1.0793            0.8341            0.6607            0.6889            0:00:35.607     -1:00:47      
[I] [2023-03-05 13:53:15,858]   97        1.0797            0.8307            0.6606            0.6925            0:00:35.603     -1:00:12      
[I] [2023-03-05 13:53:54,587]   98        1.0793            0.8304            0.6611            0.6893            0:00:38.727     -0:59:40      
[I] [2023-03-05 13:54:32,501]   99        1.0802            0.8332            0.6599            0.6869            0:00:37.911     -0:59:07      
[I] [2023-03-05 13:55:12,967]   100       1.0795            0.8200            0.6612            0.6943            0:00:40.463     -0:58:36      
[I] [2023-03-05 13:55:48,749]   101       1.0789            0.8173            0.6613            0.6987            0:00:35.781     -0:58:01      
[I] [2023-03-05 13:56:27,335]   102       1.0786            0.8345            0.6603            0.6888            0:00:38.577     -0:57:28      
[I] [2023-03-05 13:57:04,402]   103       1.0801            0.8364            0.6595            0.6864            0:00:37.066     -0:56:54      
[I] [2023-03-05 13:57:43,361]   104       1.0792            0.8233            0.6609            0.6964            0:00:38.955     -0:56:22      
[I] [2023-03-05 13:58:20,174]   105       1.0782            0.8220            0.6615            0.6955            0:00:36.812     -0:55:47      
[I] [2023-03-05 13:58:57,591]   106       1.0771            0.8371            0.6611            0.6884            0:00:37.416     -0:55:13      
[I] [2023-03-05 13:59:34,620]   107       1.0789            0.8396            0.6612            0.6806            0:00:37.025     -0:54:39      
[I] [2023-03-05 14:00:11,127]   108       1.0776            0.8354            0.6608            0.6841            0:00:36.505     -0:54:04      
[I] [2023-03-05 14:00:47,807]   109       1.0778            0.8100            0.6616            0.6980            0:00:36.678     -0:53:29      
[I] [2023-03-05 14:01:24,634]   110       1.0769            0.8236            0.6621            0.6979            0:00:36.825     -0:52:54      
[I] [2023-03-05 14:02:01,123]   111       1.0774            0.8144            0.6616            0.6974            0:00:36.485     -0:52:19      
[I] [2023-03-05 14:02:38,103]   112       1.0767            0.8108            0.6627            0.6990            0:00:36.978     -0:51:45      
[I] [2023-03-05 14:03:15,329]   113       1.0761            0.8215            0.6625            0.6907            0:00:37.218     -0:51:10      
[I] [2023-03-05 14:03:52,187]   114       1.0778            0.8294            0.6612            0.6900            0:00:36.856     -0:50:35      
[I] [2023-03-05 14:04:28,854]   115       1.0772            0.8137            0.6625            0.6943            0:00:36.665     -0:50:00      
[I] [2023-03-05 14:05:05,922]   116       1.0777            0.8125            0.6610            0.6960            0:00:37.066     -0:49:25      
[I] [2023-03-05 14:05:42,785]   117       1.0768            0.8189            0.6622            0.6960            0:00:36.860     -0:48:50      
[I] [2023-03-05 14:06:19,062]   118       1.0772            0.8147            0.6623            0.6961            0:00:36.275     -0:48:15      
[I] [2023-03-05 14:06:55,336]   119       1.0765            0.8283            0.6627            0.6889            0:00:36.271     -0:47:40      
[I] [2023-03-05 14:07:32,201]   120       1.0762            0.8296            0.6625            0.6872            0:00:36.862     -0:47:05      
[I] [2023-03-05 14:08:08,711]   121       1.0770            0.8421            0.6624            0.6782            0:00:36.508     -0:46:29      
[I] [2023-03-05 14:08:45,471]   122       1.0782            0.8650            0.6608            0.6768            0:00:36.758     -0:45:54      
[I] [2023-03-05 14:09:21,934]   123       1.0764            0.8231            0.6623            0.6928            0:00:36.461     -0:45:19      
[I] [2023-03-05 14:09:58,644]   124       1.0768            0.8128            0.6615            0.6982            0:00:36.708     -0:44:44      
[I] [2023-03-05 14:10:43,483]   125       1.0757            0.8148            0.6621            0.6973            0:00:44.837     -0:44:13      
[I] [2023-03-05 14:11:22,053]   126       1.0751            0.8156            0.6627            0.6935            0:00:38.567     -0:43:39      
[I] [2023-03-05 14:12:00,459]   127       1.0768            0.8151            0.6620            0.6961            0:00:38.403     -0:43:04      
[I] [2023-03-05 14:12:35,782]   128       1.0743            0.8140            0.6641            0.6940            0:00:35.322     -0:42:28      
[I] [2023-03-05 14:13:12,556]   129       1.0751            0.8311            0.6633            0.6859            0:00:36.772     -0:41:53      
[I] [2023-03-05 14:13:12,557]   StasherCallback :: Class
[I] [2023-03-05 14:13:12,557]   Best model weights at epoch       : 112 
[I] [2023-03-05 14:13:12,557]     Metric type                     : val_categorical_accuracy 
[I] [2023-03-05 14:13:12,557]     Metric value                    : 0.70 
[I] [2023-03-05 14:13:12,557]   
[I] [2023-03-05 14:13:12,558]   
[I] [2023-03-05 14:13:13,217] Model: "functional_3"
[I] [2023-03-05 14:13:13,217] _________________________________________________________________
[I] [2023-03-05 14:13:13,217] Layer (type)                 Output Shape              Param #   
[I] [2023-03-05 14:13:13,218] =================================================================
[I] [2023-03-05 14:13:13,218] input_2 (InputLayer)         [(None, 140, 8, 1)]       0         
[I] [2023-03-05 14:13:13,218] _________________________________________________________________
[I] [2023-03-05 14:13:13,218] Conv-1 (Conv2D)              (None, 140, 8, 10)        360       
[I] [2023-03-05 14:13:13,218] _________________________________________________________________
[I] [2023-03-05 14:13:13,218] batch_normalization_4 (Batch (None, 140, 8, 10)        40        
[I] [2023-03-05 14:13:13,219] _________________________________________________________________
[I] [2023-03-05 14:13:13,219] activation_4 (Activation)    (None, 140, 8, 10)        0         
[I] [2023-03-05 14:13:13,219] _________________________________________________________________
[I] [2023-03-05 14:13:13,219] Conv-2 (Conv2D)              (None, 140, 8, 14)        2954      
[I] [2023-03-05 14:13:13,219] _________________________________________________________________
[I] [2023-03-05 14:13:13,219] batch_normalization_5 (Batch (None, 140, 8, 14)        56        
[I] [2023-03-05 14:13:13,219] _________________________________________________________________
[I] [2023-03-05 14:13:13,219] activation_5 (Activation)    (None, 140, 8, 14)        0         
[I] [2023-03-05 14:13:13,219] _________________________________________________________________
[I] [2023-03-05 14:13:13,220] max_pooling2d_2 (MaxPooling2 (None, 140, 4, 14)        0         
[I] [2023-03-05 14:13:13,220] _________________________________________________________________
[I] [2023-03-05 14:13:13,220] dropout_4 (Dropout)          (None, 140, 4, 14)        0         
[I] [2023-03-05 14:13:13,220] _________________________________________________________________
[I] [2023-03-05 14:13:13,220] Conv-3 (Conv2D)              (None, 140, 4, 28)        8260      
[I] [2023-03-05 14:13:13,220] _________________________________________________________________
[I] [2023-03-05 14:13:13,221] batch_normalization_6 (Batch (None, 140, 4, 28)        112       
[I] [2023-03-05 14:13:13,221] _________________________________________________________________
[I] [2023-03-05 14:13:13,221] activation_6 (Activation)    (None, 140, 4, 28)        0         
[I] [2023-03-05 14:13:13,221] _________________________________________________________________
[I] [2023-03-05 14:13:13,221] max_pooling2d_3 (MaxPooling2 (None, 70, 2, 28)         0         
[I] [2023-03-05 14:13:13,221] _________________________________________________________________
[I] [2023-03-05 14:13:13,221] dropout_5 (Dropout)          (None, 70, 2, 28)         0         
[I] [2023-03-05 14:13:13,221] _________________________________________________________________
[I] [2023-03-05 14:13:13,222] Conv-3_0 (Conv2D)            (None, 70, 2, 16)         15696     
[I] [2023-03-05 14:13:13,222] _________________________________________________________________
[I] [2023-03-05 14:13:13,222] batch_normalization_7 (Batch (None, 70, 2, 16)         64        
[I] [2023-03-05 14:13:13,222] _________________________________________________________________
[I] [2023-03-05 14:13:13,222] activation_7 (Activation)    (None, 70, 2, 16)         0         
[I] [2023-03-05 14:13:13,222] _________________________________________________________________
[I] [2023-03-05 14:13:13,222] dropout_6 (Dropout)          (None, 70, 2, 16)         0         
[I] [2023-03-05 14:13:13,222] _________________________________________________________________
[I] [2023-03-05 14:13:13,223] global_average_pooling2d_1 ( (None, 16)                0         
[I] [2023-03-05 14:13:13,223] _________________________________________________________________
[I] [2023-03-05 14:13:13,223] flatten_1 (Flatten)          (None, 16)                0         
[I] [2023-03-05 14:13:13,223] _________________________________________________________________
[I] [2023-03-05 14:13:13,224] lastLayer (Dense)            (None, 256)               4352      
[I] [2023-03-05 14:13:13,224] _________________________________________________________________
[I] [2023-03-05 14:13:13,224] dropout_7 (Dropout)          (None, 256)               0         
[I] [2023-03-05 14:13:13,224] _________________________________________________________________
[I] [2023-03-05 14:13:13,224] dense_1 (Dense)              (None, 6)                 1542      
[I] [2023-03-05 14:13:13,224] =================================================================
[I] [2023-03-05 14:13:13,225] Total params: 33,436
[I] [2023-03-05 14:13:13,225] Trainable params: 33,300
[I] [2023-03-05 14:13:13,225] Non-trainable params: 136
[I] [2023-03-05 14:13:13,225] _________________________________________________________________
[I] [2023-03-05 14:13:13,263]   Training
[I] [2023-03-05 14:13:13,263]             Loss                                Metric                                                            
[I] [2023-03-05 14:13:13,263]             categorical_crossentropy            categorical_accuracy                               
[I] [2023-03-05 14:13:13,264]   Epoch     Train             Val               Train             Val               Step            Remaining     
[I] [2023-03-05 14:13:13,264]   -------   ---------------   ---------------   ---------------   ---------------   -------------   ------------  
[I] [2023-03-05 14:14:27,929]   1         1.1261            1.0566            0.6378            0.5898            0:00:36.529     -2:03:09      
[I] [2023-03-05 14:15:03,707]   2         1.1022            1.0035            0.6489            0.6218            0:00:35.776     -2:00:51      
[I] [2023-03-05 14:15:39,850]   3         1.0873            0.8887            0.6562            0.6622            0:00:36.141     -1:59:41      
[I] [2023-03-05 14:16:16,451]   4         1.0776            0.8706            0.6606            0.6713            0:00:36.600     -1:59:03      
[I] [2023-03-05 14:16:53,250]   5         1.0699            0.8380            0.6646            0.6911            0:00:36.796     -1:58:32      
[I] [2023-03-05 14:17:29,765]   6         1.0646            0.9132            0.6682            0.6526            0:00:36.512     -1:57:51      
[I] [2023-03-05 14:18:06,255]   7         1.0573            0.8241            0.6712            0.6865            0:00:36.488     -1:57:11      
[I] [2023-03-05 14:18:43,647]   8         1.0530            0.8009            0.6739            0.6948            0:00:37.391     -1:56:50      
[I] [2023-03-05 14:19:20,954]   9         1.0511            0.8035            0.6749            0.7015            0:00:37.304     -1:56:25      
[I] [2023-03-05 14:19:57,587]   10        1.0463            0.8755            0.6763            0.6722            0:00:36.631     -1:55:46      
[I] [2023-03-05 14:20:33,946]   11        1.0440            0.8218            0.6781            0.6906            0:00:36.357     -1:55:03      
[I] [2023-03-05 14:21:11,468]   12        1.0403            0.7951            0.6806            0.7049            0:00:37.513     -1:54:38      
[I] [2023-03-05 14:21:47,162]   13        1.0383            0.8095            0.6810            0.6939            0:00:35.687     -1:53:46      
[I] [2023-03-05 14:22:22,444]   14        1.0356            0.8072            0.6839            0.6987            0:00:35.281     -1:52:52      
[I] [2023-03-05 14:22:57,847]   15        1.0345            0.7983            0.6833            0.7048            0:00:35.400     -1:52:02      
[I] [2023-03-05 14:23:33,255]   16        1.0324            0.8194            0.6849            0.6895            0:00:35.406     -1:51:13      
[I] [2023-03-05 14:24:08,120]   17        1.0303            0.7960            0.6857            0.7010            0:00:34.862     -1:50:20      
[I] [2023-03-05 14:24:43,494]   18        1.0300            0.8499            0.6864            0.6729            0:00:35.372     -1:49:34      
[I] [2023-03-05 14:25:18,858]   19        1.0283            0.7865            0.6869            0.7059            0:00:35.363     -1:48:49      
[I] [2023-03-05 14:25:53,558]   20        1.0263            0.7675            0.6873            0.7169            0:00:34.690     -1:48:00      
[I] [2023-03-05 14:26:29,230]   21        1.0247            0.7795            0.6881            0.7107            0:00:35.664     -1:47:19      
[I] [2023-03-05 14:27:05,311]   22        1.0237            0.7590            0.6893            0.7156            0:00:36.080     -1:46:42      
[I] [2023-03-05 14:27:41,132]   23        1.0226            0.7743            0.6900            0.7160            0:00:35.819     -1:46:03      
[I] [2023-03-05 14:28:16,548]   24        1.0219            0.7761            0.6906            0.7149            0:00:35.415     -1:45:22      
[I] [2023-03-05 14:28:51,608]   25        1.0202            0.7519            0.6919            0.7212            0:00:35.057     -1:44:39      
[I] [2023-03-05 14:29:27,280]   26        1.0204            0.7543            0.6910            0.7255            0:00:35.661     -1:44:00      
[I] [2023-03-05 14:30:03,086]   27        1.0183            0.7870            0.6916            0.7088            0:00:35.799     -1:43:22      
[I] [2023-03-05 14:30:38,758]   28        1.0183            0.7633            0.6920            0.7171            0:00:35.669     -1:42:44      
[I] [2023-03-05 14:31:14,097]   29        1.0172            0.7494            0.6923            0.7218            0:00:35.338     -1:42:04      
[I] [2023-03-05 14:31:49,571]   30        1.0165            0.7480            0.6927            0.7255            0:00:35.472     -1:41:25      
[I] [2023-03-05 14:32:24,985]   31        1.0156            0.7721            0.6945            0.7118            0:00:35.412     -1:40:45      
[I] [2023-03-05 14:33:00,280]   32        1.0155            0.7440            0.6937            0.7278            0:00:35.292     -1:40:06      
[I] [2023-03-05 14:33:36,021]   33        1.0141            0.7591            0.6952            0.7166            0:00:35.729     -1:39:29      
[I] [2023-03-05 14:34:11,453]   34        1.0139            0.7712            0.6951            0.7127            0:00:35.430     -1:38:50      
[I] [2023-03-05 14:34:47,145]   35        1.0133            0.7660            0.6953            0.7186            0:00:35.691     -1:38:13      
[I] [2023-03-05 14:35:22,620]   36        1.0136            0.7297            0.6948            0.7304            0:00:35.473     -1:37:35      
[I] [2023-03-05 14:35:58,195]   37        1.0130            0.7601            0.6952            0.7162            0:00:35.563     -1:36:58      
[I] [2023-03-05 14:36:33,966]   38        1.0123            0.7640            0.6958            0.7138            0:00:35.770     -1:36:21      
[I] [2023-03-05 14:37:09,791]   39        1.0097            0.7371            0.6974            0.7350            0:00:35.823     -1:35:45      
[I] [2023-03-05 14:37:45,411]   40        1.0097            0.7432            0.6967            0.7263            0:00:35.609     -1:35:08      
[I] [2023-03-05 14:38:20,763]   41        1.0093            0.7479            0.6973            0.7251            0:00:35.350     -1:34:30      
[I] [2023-03-05 14:38:56,143]   42        1.0094            0.7359            0.6974            0.7342            0:00:35.378     -1:33:52      
[I] [2023-03-05 14:39:31,506]   43        1.0091            0.7418            0.6985            0.7296            0:00:35.360     -1:33:15      
[I] [2023-03-05 14:40:07,066]   44        1.0087            0.7320            0.6992            0.7290            0:00:35.556     -1:32:38      
[I] [2023-03-05 14:40:42,643]   45        1.0082            0.7524            0.6982            0.7269            0:00:35.574     -1:32:01      
[I] [2023-03-05 14:41:17,928]   46        1.0083            0.7367            0.6971            0.7307            0:00:35.282     -1:31:23      
[I] [2023-03-05 14:41:53,690]   47        1.0078            0.7555            0.6985            0.7196            0:00:35.759     -1:30:47      
[I] [2023-03-05 14:42:29,442]   48        1.0060            0.7397            0.6996            0.7308            0:00:35.751     -1:30:11      
[I] [2023-03-05 14:43:05,811]   49        1.0053            0.7715            0.6997            0.7090            0:00:36.366     -1:29:37      
[I] [2023-03-05 14:43:42,948]   50        1.0063            0.7475            0.6991            0.7220            0:00:37.136     -1:29:05      
[I] [2023-03-05 14:44:20,927]   51        1.0056            0.7357            0.6998            0.7295            0:00:37.977     -1:28:35      
[I] [2023-03-05 14:44:57,760]   52        1.0051            0.7418            0.7007            0.7308            0:00:36.831     -1:28:01      
[I] [2023-03-05 14:45:34,221]   53        1.0049            0.7493            0.6997            0.7217            0:00:36.459     -1:27:27      
[I] [2023-03-05 14:46:10,926]   54        1.0041            0.7302            0.7013            0.7368            0:00:36.702     -1:26:53      
[I] [2023-03-05 14:46:47,792]   55        1.0039            0.7260            0.7002            0.7353            0:00:36.858     -1:26:19      
[I] [2023-03-05 14:47:23,788]   56        1.0045            0.7696            0.7000            0.7170            0:00:35.993     -1:25:43      
[I] [2023-03-05 14:48:00,695]   57        1.0037            0.7519            0.7009            0.7254            0:00:36.905     -1:25:10      
[I] [2023-03-05 14:48:38,124]   58        1.0029            0.7340            0.7008            0.7314            0:00:37.426     -1:24:37      
[I] [2023-03-05 14:49:15,503]   59        1.0025            0.7326            0.7014            0.7334            0:00:37.377     -1:24:04      
[I] [2023-03-05 14:49:54,381]   60        1.0036            0.7297            0.7003            0.7357            0:00:38.875     -1:23:35      
[I] [2023-03-05 14:50:33,270]   61        1.0019            0.7296            0.7018            0.7355            0:00:38.887     -1:23:05      
